<?xml version="1.0" encoding="UTF-8"?>
<!-- Generated by org.testng.reporters.JUnitXMLReporter -->
<testsuite hostname="DESKTOP-9QJ3JL7" ignored="0" name="EmployeesRestAPITest" tests="2" failures="1" timestamp="07 Jun 2020 15:32:21 GMT" time="3.386" errors="0">
  <testcase name="checkContentEncoding" time="0.053" classname="com.restAssuredFramework.testCases.TC001_GET_All_Employees"/>
  <testcase name="checkContentEncoding" time="0.101" classname="com.restAssuredFramework.testCases.TC001_GET_All_Employees">
    <failure type="java.lang.NullPointerException">
      <![CDATA[java.lang.NullPointerException
at com.restAssuredFramework.utilities.Listeners.onTestSuccess(Listeners.java:36)
... Removed 22 stack frames]]>
    </failure>
  </testcase> <!-- checkContentEncoding -->
</testsuite> <!-- EmployeesRestAPITest -->
