<?xml version="1.0" encoding="UTF-8"?>
<!-- Generated by org.testng.reporters.JUnitXMLReporter -->
<testsuite hostname="DESKTOP-9QJ3JL7" ignored="0" name="Test" tests="2" failures="2" timestamp="07 Jun 2020 06:58:34 GMT" time="9.078" errors="0">
  <testcase name="checkContentType" time="0.013" classname="com.restAssuredFramework.testCases.TC004_PUT_Employee_Record">
    <failure type="java.lang.AssertionError" message="expected [text/html;charset=UTF-8] but found [application/json;charset=utf-8]">
      <![CDATA[java.lang.AssertionError: expected [text/html;charset=UTF-8] but found [application/json;charset=utf-8]
at com.restAssuredFramework.testCases.TC004_PUT_Employee_Record.checkContentType(TC004_PUT_Employee_Record.java:88)
... Removed 31 stack frames]]>
    </failure>
  </testcase> <!-- checkContentType -->
  <testcase name="checkContentType" time="0.041" classname="com.restAssuredFramework.testCases.TC004_PUT_Employee_Record">
    <failure type="java.lang.NullPointerException">
      <![CDATA[java.lang.NullPointerException
at com.restAssuredFramework.utilities.Listeners.onTestFailure(Listeners.java:41)
... Removed 22 stack frames]]>
    </failure>
  </testcase> <!-- checkContentType -->
</testsuite> <!-- Test -->
