<?xml version="1.0" encoding="UTF-8"?>
<!-- Generated by org.testng.reporters.JUnitXMLReporter -->
<testsuite hostname="DESKTOP-9QJ3JL7" ignored="0" name="APITest" tests="29" failures="5" timestamp="07 Jun 2020 17:40:14 GMT" time="32.093" errors="0">
  <testcase name="checkContentType" time="0.017" classname="com.restAssuredFramework.testCases.TC004_PUT_Employee_Record"/>
  <testcase name="checkServerType" time="0.0" classname="com.restAssuredFramework.testCases.TC004_PUT_Employee_Record"/>
  <testcase name="checkStatusCode" time="0.0" classname="com.restAssuredFramework.testCases.TC004_PUT_Employee_Record"/>
  <testcase name="checkStatusLine" time="0.0" classname="com.restAssuredFramework.testCases.TC004_PUT_Employee_Record"/>
  <testcase name="checkContentLength" time="0.004" classname="com.restAssuredFramework.testCases.TC002_Get_Single_Employee_Record">
    <failure type="java.lang.AssertionError" message="expected [true] but found [false]">
      <![CDATA[java.lang.AssertionError: expected [true] but found [false]
at com.restAssuredFramework.testCases.TC002_Get_Single_Employee_Record.checkContentLength(TC002_Get_Single_Employee_Record.java:105)
... Removed 29 stack frames]]>
    </failure>
  </testcase> <!-- checkContentLength -->
  <testcase name="checkContentType" time="0.0" classname="com.restAssuredFramework.testCases.TC002_Get_Single_Employee_Record">
    <failure type="java.lang.AssertionError" message="expected [text/html;charset=UTF-8] but found [application/json;charset=utf-8]">
      <![CDATA[java.lang.AssertionError: expected [text/html;charset=UTF-8] but found [application/json;charset=utf-8]
at com.restAssuredFramework.testCases.TC002_Get_Single_Employee_Record.checkContentType(TC002_Get_Single_Employee_Record.java:80)
... Removed 31 stack frames]]>
    </failure>
  </testcase> <!-- checkContentType -->
  <testcase name="checkResponseBody" time="0.018" classname="com.restAssuredFramework.testCases.TC002_Get_Single_Employee_Record">
    <failure type="java.lang.AssertionError" message="expected [true] but found [false]">
      <![CDATA[java.lang.AssertionError: expected [true] but found [false]
at com.restAssuredFramework.testCases.TC002_Get_Single_Employee_Record.checkResponseBody(TC002_Get_Single_Employee_Record.java:36)
... Removed 31 stack frames]]>
    </failure>
  </testcase> <!-- checkResponseBody -->
  <testcase name="checkResponseTime" time="0.0" classname="com.restAssuredFramework.testCases.TC002_Get_Single_Employee_Record"/>
  <testcase name="checkServerType" time="0.0" classname="com.restAssuredFramework.testCases.TC002_Get_Single_Employee_Record"/>
  <testcase name="checkStatusCode" time="0.015" classname="com.restAssuredFramework.testCases.TC002_Get_Single_Employee_Record">
    <failure type="java.lang.AssertionError" message="expected [200] but found [400]">
      <![CDATA[java.lang.AssertionError: expected [200] but found [400]
at com.restAssuredFramework.testCases.TC002_Get_Single_Employee_Record.checkStatusCode(TC002_Get_Single_Employee_Record.java:46)
... Removed 31 stack frames]]>
    </failure>
  </testcase> <!-- checkStatusCode -->
  <testcase name="checkStatusLine" time="0.0" classname="com.restAssuredFramework.testCases.TC002_Get_Single_Employee_Record">
    <failure type="java.lang.AssertionError" message="expected [HTTP/1.1 200 OK] but found [HTTP/1.1 400 Bad Request]">
      <![CDATA[java.lang.AssertionError: expected [HTTP/1.1 200 OK] but found [HTTP/1.1 400 Bad Request]
at com.restAssuredFramework.testCases.TC002_Get_Single_Employee_Record.checkStatusLine(TC002_Get_Single_Employee_Record.java:69)
... Removed 31 stack frames]]>
    </failure>
  </testcase> <!-- checkStatusLine -->
  <testcase name="checkContentType" time="0.003" classname="com.restAssuredFramework.testCases.TC005_Delete_Employee_Record"/>
  <testcase name="checkServerType" time="0.0" classname="com.restAssuredFramework.testCases.TC005_Delete_Employee_Record"/>
  <testcase name="checkStatusCode" time="0.004" classname="com.restAssuredFramework.testCases.TC005_Delete_Employee_Record"/>
  <testcase name="checkStatusLine" time="0.004" classname="com.restAssuredFramework.testCases.TC005_Delete_Employee_Record"/>
  <testcase name="checkContentEncoding" time="0.0" classname="com.restAssuredFramework.testCases.TC001_GET_All_Employees"/>
  <testcase name="checkContentLength" time="0.004" classname="com.restAssuredFramework.testCases.TC001_GET_All_Employees"/>
  <testcase name="checkContentType" time="0.004" classname="com.restAssuredFramework.testCases.TC001_GET_All_Employees"/>
  <testcase name="checkCookies" time="0.0" classname="com.restAssuredFramework.testCases.TC001_GET_All_Employees"/>
  <testcase name="checkResponseBody" time="0.004" classname="com.restAssuredFramework.testCases.TC001_GET_All_Employees"/>
  <testcase name="checkResponseTime" time="0.0" classname="com.restAssuredFramework.testCases.TC001_GET_All_Employees"/>
  <testcase name="checkServerType" time="0.0" classname="com.restAssuredFramework.testCases.TC001_GET_All_Employees"/>
  <testcase name="checkStatusCode" time="0.0" classname="com.restAssuredFramework.testCases.TC001_GET_All_Employees"/>
  <testcase name="checkStatusLine" time="0.0" classname="com.restAssuredFramework.testCases.TC001_GET_All_Employees"/>
  <testcase name="checkContentType" time="0.001" classname="com.restAssuredFramework.testCases.TC003_POST_Employee_Record"/>
  <testcase name="checkResponseBody" time="0.008" classname="com.restAssuredFramework.testCases.TC003_POST_Employee_Record"/>
  <testcase name="checkServerType" time="0.0" classname="com.restAssuredFramework.testCases.TC003_POST_Employee_Record"/>
  <testcase name="checkStatusCode" time="0.004" classname="com.restAssuredFramework.testCases.TC003_POST_Employee_Record"/>
  <testcase name="checkStatusLine" time="0.004" classname="com.restAssuredFramework.testCases.TC003_POST_Employee_Record"/>
</testsuite> <!-- APITest -->
